[04Aug2025 15:30:02.962] [main/INFO] [cpw.mods.modlauncher.Launcher/MODLAUNCHER]: ModLauncher running: args [--mod, examplemod, --all, --output, D:\Projects\MC\Mods\JEI History for 1.16.5\src\generated\resources, --existing, D:\Projects\MC\Mods\JEI History for 1.16.5\src\main\resources, --gameDir, ., --launchTarget, fmluserdevdata, --fml.mcpVersion, 20210115.111550, --fml.mcVersion, 1.16.5, --fml.forgeGroup, net.minecraftforge, --fml.forgeVersion, 36.2.42, --assetIndex, 1.16, --assetsDir, C:\Users\Panda\.gradle\caches\forge_gradle\assets]
[04Aug2025 15:30:02.964] [main/INFO] [cpw.mods.modlauncher.Launcher/MODLAUNCHER]: ModLauncher 8.1.3+8.1.3+main-8.1.x.c94d18ec starting: java version 1.8.0_432 by Temurin
[04Aug2025 15:30:03.277] [main/INFO] [net.minecraftforge.fml.loading.FixSSL/CORE]: Added Lets Encrypt root certificates as additional trust
[04Aug2025 15:30:03.311] [main/INFO] [mixin/]: SpongePowered MIXIN Subsystem Version=0.8.4 Source=file:/C:/Users/Panda/.gradle/caches/modules-2/files-2.1/org.spongepowered/mixin/0.8.4/4ec7d77d9ab32596ca0b78bb123956734767e3a/mixin-0.8.4.jar Service=ModLauncher Env=CLIENT
[04Aug2025 15:30:03.344] [main/WARN] [net.minecraftforge.fml.loading.FMLConfig/CORE]: Configuration file D:\Projects\MC\Mods\JEI History for 1.16.5\run-data\config\fml.toml is not correct. Correcting
[04Aug2025 15:30:03.348] [main/WARN] [net.minecraftforge.fml.loading.FMLConfig/CORE]: Incorrect key [defaultConfigPath] was corrected from null to defaultconfigs
[04Aug2025 15:30:04.237] [main/INFO] [cpw.mods.modlauncher.LaunchServiceHandler/MODLAUNCHER]: Launching target 'fmluserdevdata' with arguments [--gameDir, ., --assetsDir, C:\Users\Panda\.gradle\caches\forge_gradle\assets, --mod, examplemod, --all, --output, D:\Projects\MC\Mods\JEI History for 1.16.5\src\generated\resources, --existing, D:\Projects\MC\Mods\JEI History for 1.16.5\src\main\resources, --assetIndex, 1.16]
[04Aug2025 15:30:04.280] [main/INFO] [net.minecraftforge.fml.DatagenModLoader/]: Initializing Data Gatherer for mods [examplemod]
[04Aug2025 15:30:07.895] [main/FATAL] [net.minecraftforge.fml.ModLoader/LOADING]: File D:\Projects\MC\Mods\JEI History for 1.16.5\build\resources\main constructed 0 mods: [], but had 1 mods specified: [examplemod]
[04Aug2025 15:30:07.897] [main/FATAL] [net.minecraftforge.fml.ModLoader/CORE]: Failed to initialize mod containers
net.minecraftforge.fml.ModLoadingException: fml.modloading.missingclasses
	at net.minecraftforge.fml.ModLoader.buildMods(ModLoader.java:275) ~[forge-1.16.5-36.2.42_mapped_parchment_2022.03.06-1.16.5.jar:?]
	at net.minecraftforge.fml.ModLoader.lambda$gatherAndInitializeMods$11(ModLoader.java:169) ~[forge-1.16.5-36.2.42_mapped_parchment_2022.03.06-1.16.5.jar:?]
	at java.util.stream.ReferencePipeline$3$1.accept(ReferencePipeline.java:193) ~[?:1.8.0_432]
	at java.util.stream.ReferencePipeline$3$1.accept(ReferencePipeline.java:193) ~[?:1.8.0_432]
	at java.util.ArrayList$ArrayListSpliterator.forEachRemaining(ArrayList.java:1384) ~[?:1.8.0_432]
	at java.util.stream.AbstractPipeline.copyInto(AbstractPipeline.java:482) ~[?:1.8.0_432]
	at java.util.stream.AbstractPipeline.wrapAndCopyInto(AbstractPipeline.java:472) ~[?:1.8.0_432]
	at java.util.stream.ReduceOps$ReduceOp.evaluateSequential(ReduceOps.java:708) ~[?:1.8.0_432]
	at java.util.stream.AbstractPipeline.evaluate(AbstractPipeline.java:234) ~[?:1.8.0_432]
	at java.util.stream.ReferencePipeline.collect(ReferencePipeline.java:566) ~[?:1.8.0_432]
	at net.minecraftforge.fml.ModLoader.gatherAndInitializeMods(ModLoader.java:171) ~[forge-1.16.5-36.2.42_mapped_parchment_2022.03.06-1.16.5.jar:?]
	at net.minecraftforge.fml.DatagenModLoader.begin(DatagenModLoader.java:46) ~[forge-1.16.5-36.2.42_mapped_parchment_2022.03.06-1.16.5.jar:?]
	at net.minecraft.data.Main.main(Main.java:45) ~[forge-1.16.5-36.2.42_mapped_parchment_2022.03.06-1.16.5.jar:?]
	at sun.reflect.NativeMethodAccessorImpl.invoke0(Native Method) ~[?:1.8.0_432]
	at sun.reflect.NativeMethodAccessorImpl.invoke(NativeMethodAccessorImpl.java:62) ~[?:1.8.0_432]
	at sun.reflect.DelegatingMethodAccessorImpl.invoke(DelegatingMethodAccessorImpl.java:43) ~[?:1.8.0_432]
	at java.lang.reflect.Method.invoke(Method.java:498) ~[?:1.8.0_432]
	at net.minecraftforge.userdev.FMLUserdevDataLaunchProvider.lambda$launchService$0(FMLUserdevDataLaunchProvider.java:37) ~[forge-1.16.5-36.2.42_mapped_parchment_2022.03.06-1.16.5.jar:?]
	at cpw.mods.modlauncher.LaunchServiceHandlerDecorator.launch(LaunchServiceHandlerDecorator.java:37) [modlauncher-8.1.3.jar:?]
	at cpw.mods.modlauncher.LaunchServiceHandler.launch(LaunchServiceHandler.java:54) [modlauncher-8.1.3.jar:?]
	at cpw.mods.modlauncher.LaunchServiceHandler.launch(LaunchServiceHandler.java:72) [modlauncher-8.1.3.jar:?]
	at cpw.mods.modlauncher.Launcher.run(Launcher.java:82) [modlauncher-8.1.3.jar:?]
	at cpw.mods.modlauncher.Launcher.main(Launcher.java:66) [modlauncher-8.1.3.jar:?]
	at net.minecraftforge.userdev.LaunchTesting.main(LaunchTesting.java:94) [forge-1.16.5-36.2.42_mapped_parchment_2022.03.06-1.16.5.jar:?]
[04Aug2025 15:30:07.910] [main/INFO] [STDERR/]: [java.lang.ThreadGroup:uncaughtException:1052]: java.lang.RuntimeException: java.lang.reflect.InvocationTargetException
[04Aug2025 15:30:07.910] [main/INFO] [STDERR/]: [java.lang.ThreadGroup:uncaughtException:1052]: 	at cpw.mods.modlauncher.LaunchServiceHandlerDecorator.launch(LaunchServiceHandlerDecorator.java:39)
[04Aug2025 15:30:07.910] [main/INFO] [STDERR/]: [java.lang.ThreadGroup:uncaughtException:1052]: 	at cpw.mods.modlauncher.LaunchServiceHandler.launch(LaunchServiceHandler.java:54)
[04Aug2025 15:30:07.910] [main/INFO] [STDERR/]: [java.lang.ThreadGroup:uncaughtException:1052]: 	at cpw.mods.modlauncher.LaunchServiceHandler.launch(LaunchServiceHandler.java:72)
[04Aug2025 15:30:07.910] [main/INFO] [STDERR/]: [java.lang.ThreadGroup:uncaughtException:1052]: 	at cpw.mods.modlauncher.Launcher.run(Launcher.java:82)
[04Aug2025 15:30:07.910] [main/INFO] [STDERR/]: [java.lang.ThreadGroup:uncaughtException:1052]: 	at cpw.mods.modlauncher.Launcher.main(Launcher.java:66)
[04Aug2025 15:30:07.910] [main/INFO] [STDERR/]: [java.lang.ThreadGroup:uncaughtException:1052]: 	at net.minecraftforge.userdev.LaunchTesting.main(LaunchTesting.java:94)
[04Aug2025 15:30:07.911] [main/INFO] [STDERR/]: [java.lang.ThreadGroup:uncaughtException:1061]: Caused by: java.lang.reflect.InvocationTargetException
[04Aug2025 15:30:07.911] [main/INFO] [STDERR/]: [java.lang.ThreadGroup:uncaughtException:1061]: 	at sun.reflect.NativeMethodAccessorImpl.invoke0(Native Method)
[04Aug2025 15:30:07.911] [main/INFO] [STDERR/]: [java.lang.ThreadGroup:uncaughtException:1061]: 	at sun.reflect.NativeMethodAccessorImpl.invoke(NativeMethodAccessorImpl.java:62)
[04Aug2025 15:30:07.911] [main/INFO] [STDERR/]: [java.lang.ThreadGroup:uncaughtException:1061]: 	at sun.reflect.DelegatingMethodAccessorImpl.invoke(DelegatingMethodAccessorImpl.java:43)
[04Aug2025 15:30:07.911] [main/INFO] [STDERR/]: [java.lang.ThreadGroup:uncaughtException:1061]: 	at java.lang.reflect.Method.invoke(Method.java:498)
[04Aug2025 15:30:07.911] [main/INFO] [STDERR/]: [java.lang.ThreadGroup:uncaughtException:1061]: 	at net.minecraftforge.userdev.FMLUserdevDataLaunchProvider.lambda$launchService$0(FMLUserdevDataLaunchProvider.java:37)
[04Aug2025 15:30:07.912] [main/INFO] [STDERR/]: [java.lang.ThreadGroup:uncaughtException:1061]: 	at cpw.mods.modlauncher.LaunchServiceHandlerDecorator.launch(LaunchServiceHandlerDecorator.java:37)
[04Aug2025 15:30:07.912] [main/INFO] [STDERR/]: [java.lang.ThreadGroup:uncaughtException:1061]: 	... 5 more
[04Aug2025 15:30:07.912] [main/INFO] [STDERR/]: [java.lang.Throwable:printStackTrace:644]: Caused by: net.minecraftforge.fml.LoadingFailedException: Loading errors encountered: [
	fml.modloading.missingclasses
]
[04Aug2025 15:30:07.912] [main/INFO] [STDERR/]: [java.lang.Throwable:printStackTrace:644]: 	at net.minecraftforge.fml.ModLoader.gatherAndInitializeMods(ModLoader.java:176)
[04Aug2025 15:30:07.912] [main/INFO] [STDERR/]: [java.lang.Throwable:printStackTrace:644]: 	at net.minecraftforge.fml.DatagenModLoader.begin(DatagenModLoader.java:46)
[04Aug2025 15:30:07.913] [main/INFO] [STDERR/]: [java.lang.Throwable:printStackTrace:644]: 	at net.minecraft.data.Main.main(Main.java:45)
[04Aug2025 15:30:07.913] [main/INFO] [STDERR/]: [java.lang.Throwable:printStackTrace:644]: 	... 11 more
